<!DOCTYPE html PUBLIC "-//W3C//DTD XHTML 1.1//EN" "https://www.w3.org/TR/xhtml11/DTD/xhtml11.dtd">
<html xmlns="https://www.w3.org/1999/xhtml">
<head>
<meta http-equiv="content-type" content="text/html; charset=UTF-8"/>
<title>TestNG Report</title>
<style type="text/css">table {margin-bottom:10px;border-collapse:collapse;empty-cells:show}th,td {border:1px solid #009;padding:.25em .5em}th {vertical-align:bottom}td {vertical-align:top}table a {font-weight:bold}.stripe td {background-color: #E6EBF9}.num {text-align:right}.passedodd td {background-color: #3F3}.passedeven td {background-color: #0A0}.skippedodd td {background-color: #DDD}.skippedeven td {background-color: #CCC}.failedodd td,.attn {background-color: #F33}.failedeven td,.stripe .attn {background-color: #D00}.stacktrace {white-space:pre;font-family:monospace}.totop {font-size:85%;text-align:center;border-bottom:2px solid #000}.invisible {display:none}</style>
</head>
<body>
<table>
<tr><th>Test</th><th># Passed</th><th># Skipped</th><th># Retried</th><th># Failed</th><th>Time (ms)</th><th>Included Groups</th><th>Excluded Groups</th></tr>
<tr><th colspan="8">Suite</th></tr>
<tr><td><a href="#t0">Test</a></td><td class="num">13</td><td class="num attn">1</td><td class="num">0</td><td class="num attn">3</td><td class="num">2,946,228</td><td></td><td></td></tr>
</table>
<table id='summary'><thead><tr><th>Class</th><th>Method</th><th>Start</th><th>Time (ms)</th></tr></thead><tbody><tr><th colspan="4">Suite</th></tr></tbody><tbody id="t0"><tr><th colspan="4">Test &#8212; failed (configuration methods)</th></tr><tr class="failedeven"><td rowspan="1">EndtoEndFramework.Framework.HomePage</td><td><a href="#m0">closeBrowser</a></td><td rowspan="1">1653674282725</td><td rowspan="1">4060</td></tr><tr><th colspan="4">Test &#8212; failed</th></tr><tr class="failedeven"><td rowspan="1">EndtoEndFramework.Framework.annotation</td><td><a href="#m1">annotationSection</a></td><td rowspan="1">1653671354929</td><td rowspan="1">23065</td></tr><tr class="failedodd"><td rowspan="1">reportScheduling.reportUnitTestCases</td><td><a href="#m2">createFolderFooter</a></td><td rowspan="1">1653673805795</td><td rowspan="1">12173</td></tr><tr class="failedeven"><td rowspan="1">reportScheduling.schedulingfromoptions</td><td><a href="#m3">schedulingfromoptionsicon</a></td><td rowspan="1">1653672728734</td><td rowspan="1">1077057</td></tr><tr><th colspan="4">Test &#8212; skipped (configuration methods)</th></tr><tr class="skippedeven"><td rowspan="1">EndtoEndFramework.Framework.annotation</td><td><a href="#m4">closeBrowser</a></td><td rowspan="1">1653674286789</td><td rowspan="1">-1653674286789</td></tr><tr class="skippedodd"><td rowspan="1">EndtoEndFramework.Framework.controlpanel</td><td><a href="#m5">closeBrowser</a></td><td rowspan="1">1653674286790</td><td rowspan="1">-1653674286790</td></tr><tr class="skippedeven"><td rowspan="1">EndtoEndFramework.Framework.dashboard</td><td><a href="#m6">closeBrowser</a></td><td rowspan="1">1653674286791</td><td rowspan="1">-1653674286791</td></tr><tr class="skippedodd"><td rowspan="1">EndtoEndFramework.Framework.logout</td><td><a href="#m7">closeBrowser</a></td><td rowspan="1">1653674286792</td><td rowspan="1">-1653674286792</td></tr><tr class="skippedeven"><td rowspan="1">EndtoEndFramework.Framework.theme</td><td><a href="#m8">closeBrowser</a></td><td rowspan="1">1653674286794</td><td rowspan="1">-1653674286794</td></tr><tr class="skippedodd"><td rowspan="1">reportScheduling.dashboardReportWidgetTest</td><td><a href="#m9">deletedashboard</a></td><td rowspan="1">1653674286792</td><td rowspan="1">-1653674286792</td></tr><tr class="skippedeven"><td rowspan="1">reportScheduling.reportUnitTestCases</td><td><a href="#m10">closeBrowserWindow</a></td><td rowspan="1">1653674286793</td><td rowspan="1">-1653674286793</td></tr><tr><th colspan="4">Test &#8212; skipped</th></tr><tr class="skippedeven"><td rowspan="1">reportScheduling.reportUnitTestCases</td><td><a href="#m11">createFolderWindow</a></td><td rowspan="1">1653673817979</td><td rowspan="1">0</td></tr><tr><th colspan="4">Test &#8212; passed</th></tr><tr class="passedeven"><td rowspan="2">EndtoEndFramework.Framework.HomePage</td><td><a href="#m12">basePageNavigation</a></td><td rowspan="1">1653673979578</td><td rowspan="1">15176</td></tr><tr class="passedeven"><td><a href="#m13">dashboardpage</a></td><td rowspan="1">1653673994756</td><td rowspan="1">196</td></tr><tr class="passedodd"><td rowspan="1">EndtoEndFramework.Framework.controlpanel</td><td><a href="#m14">controlPanelSection</a></td><td rowspan="1">1653671378002</td><td rowspan="1">25385</td></tr><tr class="passedeven"><td rowspan="1">EndtoEndFramework.Framework.dashboard</td><td><a href="#m15">dashboardpage</a></td><td rowspan="1">1653672717110</td><td rowspan="1">11622</td></tr><tr class="passedodd"><td rowspan="1">EndtoEndFramework.Framework.logout</td><td><a href="#m16">controlPanelSection</a></td><td rowspan="1">1653674063239</td><td rowspan="1">17822</td></tr><tr class="passedeven"><td rowspan="1">EndtoEndFramework.Framework.theme</td><td><a href="#m17">themeSection</a></td><td rowspan="1">1653674269928</td><td rowspan="1">12795</td></tr><tr class="passedodd"><td rowspan="1">reportScheduling.HyperLinkDrillTest</td><td><a href="#m18">hyperlinkdrill</a></td><td rowspan="1">1653671683809</td><td rowspan="1">62557</td></tr><tr class="passedeven"><td rowspan="1">reportScheduling.InteractiveChart</td><td><a href="#m19">interactivechartdrilltest</a></td><td rowspan="1">1653671403388</td><td rowspan="1">66441</td></tr><tr class="passedodd"><td rowspan="1">reportScheduling.allReportAllFormatScheduling</td><td><a href="#m20">shceduleAllFormat</a></td><td rowspan="1">1653671746368</td><td rowspan="1">970741</td></tr><tr class="passedeven"><td rowspan="1">reportScheduling.allReportScheduling</td><td><a href="#m21">loginApplication</a></td><td rowspan="1">1653673817982</td><td rowspan="1">161588</td></tr><tr class="passedodd"><td rowspan="1">reportScheduling.dashboardReportWidgetTest</td><td><a href="#m22">reportwidgettest</a></td><td rowspan="1">1653673994954</td><td rowspan="1">68284</td></tr><tr class="passedeven"><td rowspan="1">reportScheduling.reportSchedulingEvent</td><td><a href="#m23">eventscheduling</a></td><td rowspan="1">1653674081063</td><td rowspan="1">188863</td></tr><tr class="passedodd"><td rowspan="1">reportScheduling.reportSchedulingOnce</td><td><a href="#m24">scheduleonce</a></td><td rowspan="1">1653671469830</td><td rowspan="1">213977</td></tr></tbody>
</table>
<h2>Test</h2><h3 id="m0">EndtoEndFramework.Framework.HomePage#closeBrowser</h3><table class="result"><tr><th>Exception</th></tr><tr><td><div class="stacktrace">org.openqa.selenium.WebDriverException: chrome not reachable
  (Session info: chrome=102.0.5005.63)
Build info: version: &apos;3.141.59&apos;, revision: &apos;e82be7d358&apos;, time: &apos;2018-11-14T08:17:03&apos;
System info: host: &apos;LAPTOP-Q8QV3VQ8&apos;, ip: &apos;192.168.29.193&apos;, os.name: &apos;Windows 10&apos;, os.arch: &apos;amd64&apos;, os.version: &apos;10.0&apos;, java.version: &apos;16.0.2&apos;
Driver info: org.openqa.selenium.chrome.ChromeDriver
Capabilities {acceptInsecureCerts: false, browserName: chrome, browserVersion: 102.0.5005.63, chrome: {chromedriverVersion: 102.0.5005.61 (0e59bcc00cc4..., userDataDir: C:\Users\BHAUMIK\AppData\Lo...}, goog:chromeOptions: {debuggerAddress: localhost:61156}, javascriptEnabled: true, networkConnectionEnabled: false, pageLoadStrategy: normal, platform: WINDOWS, platformName: WINDOWS, proxy: Proxy(), setWindowRect: true, strictFileInteractability: false, timeouts: {implicit: 0, pageLoad: 300000, script: 30000}, unhandledPromptBehavior: dismiss and notify, webauthn:extension:credBlob: true, webauthn:extension:largeBlob: true, webauthn:virtualAuthenticators: true}
Session ID: 31991a83ecaee09b629a8f6c6bdef0a4
	at org.openqa.selenium.remote.http.W3CHttpResponseCodec.createException(W3CHttpResponseCodec.java:187)
	at org.openqa.selenium.remote.http.W3CHttpResponseCodec.decode(W3CHttpResponseCodec.java:122)
	at org.openqa.selenium.remote.http.W3CHttpResponseCodec.decode(W3CHttpResponseCodec.java:49)
	at org.openqa.selenium.remote.HttpCommandExecutor.execute(HttpCommandExecutor.java:158)
	at org.openqa.selenium.remote.service.DriverCommandExecutor.execute(DriverCommandExecutor.java:83)
	at org.openqa.selenium.remote.RemoteWebDriver.execute(RemoteWebDriver.java:552)
	at org.openqa.selenium.remote.RemoteWebDriver.execute(RemoteWebDriver.java:609)
	at org.openqa.selenium.remote.RemoteWebDriver.close(RemoteWebDriver.java:442)
	at EndtoEndFramework.Framework.HomePage.closeBrowser(HomePage.java:65)
... Removed 29 stack frames</div></td></tr></table><p class="totop"><a href="#summary">back to summary</a></p>
<h3 id="m1">EndtoEndFramework.Framework.annotation#annotationSection</h3><table class="result"><tr><th>Exception</th></tr><tr><td><div class="stacktrace">org.openqa.selenium.NoSuchElementException: no such element: Unable to locate element: {&quot;method&quot;:&quot;xpath&quot;,&quot;selector&quot;:&quot;//button[@class=&apos;smenu_button&apos;]&quot;}
  (Session info: chrome=102.0.5005.63)
For documentation on this error, please visit: https://www.seleniumhq.org/exceptions/no_such_element.html
Build info: version: &apos;3.141.59&apos;, revision: &apos;e82be7d358&apos;, time: &apos;2018-11-14T08:17:03&apos;
System info: host: &apos;LAPTOP-Q8QV3VQ8&apos;, ip: &apos;192.168.29.193&apos;, os.name: &apos;Windows 10&apos;, os.arch: &apos;amd64&apos;, os.version: &apos;10.0&apos;, java.version: &apos;16.0.2&apos;
Driver info: org.openqa.selenium.chrome.ChromeDriver
Capabilities {acceptInsecureCerts: false, browserName: chrome, browserVersion: 102.0.5005.63, chrome: {chromedriverVersion: 102.0.5005.61 (0e59bcc00cc4..., userDataDir: C:\Users\BHAUMIK\AppData\Lo...}, goog:chromeOptions: {debuggerAddress: localhost:60601}, javascriptEnabled: true, networkConnectionEnabled: false, pageLoadStrategy: normal, platform: WINDOWS, platformName: WINDOWS, proxy: Proxy(), setWindowRect: true, strictFileInteractability: false, timeouts: {implicit: 0, pageLoad: 300000, script: 30000}, unhandledPromptBehavior: dismiss and notify, webauthn:extension:credBlob: true, webauthn:extension:largeBlob: true, webauthn:virtualAuthenticators: true}
Session ID: ce0cd342c1f5590496530b11ed0ef36d
*** Element info: {Using=xpath, value=//button[@class=&apos;smenu_button&apos;]}
	at org.openqa.selenium.remote.http.W3CHttpResponseCodec.createException(W3CHttpResponseCodec.java:187)
	at org.openqa.selenium.remote.http.W3CHttpResponseCodec.decode(W3CHttpResponseCodec.java:122)
	at org.openqa.selenium.remote.http.W3CHttpResponseCodec.decode(W3CHttpResponseCodec.java:49)
	at org.openqa.selenium.remote.HttpCommandExecutor.execute(HttpCommandExecutor.java:158)
	at org.openqa.selenium.remote.service.DriverCommandExecutor.execute(DriverCommandExecutor.java:83)
	at org.openqa.selenium.remote.RemoteWebDriver.execute(RemoteWebDriver.java:552)
	at org.openqa.selenium.remote.RemoteWebDriver.findElement(RemoteWebDriver.java:323)
	at org.openqa.selenium.remote.RemoteWebDriver.findElementByXPath(RemoteWebDriver.java:428)
	at org.openqa.selenium.By$ByXPath.findElement(By.java:353)
	at org.openqa.selenium.remote.RemoteWebDriver.findElement(RemoteWebDriver.java:315)
	at pageObjects.HembergerMenu.hembergerbutton(HembergerMenu.java:33)
	at EndtoEndFramework.Framework.annotation.annotationSection(annotation.java:33)
	at java.base/java.util.ArrayList.forEach(ArrayList.java:1511)
... Removed 32 stack frames</div></td></tr></table><p class="totop"><a href="#summary">back to summary</a></p>
<h3 id="m2">reportScheduling.reportUnitTestCases#createFolderFooter</h3><table class="result"><tr><th>Exception</th></tr><tr><td><div class="stacktrace">org.openqa.selenium.WebDriverException: chrome not reachable
  (Session info: chrome=102.0.5005.63)
Build info: version: &apos;3.141.59&apos;, revision: &apos;e82be7d358&apos;, time: &apos;2018-11-14T08:17:03&apos;
System info: host: &apos;LAPTOP-Q8QV3VQ8&apos;, ip: &apos;192.168.29.193&apos;, os.name: &apos;Windows 10&apos;, os.arch: &apos;amd64&apos;, os.version: &apos;10.0&apos;, java.version: &apos;16.0.2&apos;
Driver info: org.openqa.selenium.chrome.ChromeDriver
Capabilities {acceptInsecureCerts: false, browserName: chrome, browserVersion: 102.0.5005.63, chrome: {chromedriverVersion: 102.0.5005.61 (0e59bcc00cc4..., userDataDir: C:\Users\BHAUMIK\AppData\Lo...}, goog:chromeOptions: {debuggerAddress: localhost:60584}, javascriptEnabled: true, networkConnectionEnabled: false, pageLoadStrategy: normal, platform: WINDOWS, platformName: WINDOWS, proxy: Proxy(), setWindowRect: true, strictFileInteractability: false, timeouts: {implicit: 0, pageLoad: 300000, script: 30000}, unhandledPromptBehavior: dismiss and notify, webauthn:extension:credBlob: true, webauthn:extension:largeBlob: true, webauthn:virtualAuthenticators: true}
Session ID: 45e2a64cf62c9d18b1bbf574109d81fa
*** Element info: {Using=xpath, value=//span[@translate=&apos;createFile_Create&apos;]}
	at org.openqa.selenium.remote.http.W3CHttpResponseCodec.createException(W3CHttpResponseCodec.java:187)
	at org.openqa.selenium.remote.http.W3CHttpResponseCodec.decode(W3CHttpResponseCodec.java:122)
	at org.openqa.selenium.remote.http.W3CHttpResponseCodec.decode(W3CHttpResponseCodec.java:49)
	at org.openqa.selenium.remote.HttpCommandExecutor.execute(HttpCommandExecutor.java:158)
	at org.openqa.selenium.remote.service.DriverCommandExecutor.execute(DriverCommandExecutor.java:83)
	at org.openqa.selenium.remote.RemoteWebDriver.execute(RemoteWebDriver.java:552)
	at org.openqa.selenium.remote.RemoteWebDriver.findElement(RemoteWebDriver.java:323)
	at org.openqa.selenium.remote.RemoteWebDriver.findElementByXPath(RemoteWebDriver.java:428)
	at org.openqa.selenium.By$ByXPath.findElement(By.java:353)
	at org.openqa.selenium.remote.RemoteWebDriver.findElement(RemoteWebDriver.java:315)
	at pageObjects.reportSection.createfolderfooter(reportSection.java:170)
	at reportScheduling.reportUnitTestCases.createFolderFooter(reportUnitTestCases.java:42)
	at java.base/java.util.ArrayList.forEach(ArrayList.java:1511)
... Removed 32 stack frames</div></td></tr></table><p class="totop"><a href="#summary">back to summary</a></p>
<h3 id="m3">reportScheduling.schedulingfromoptions#schedulingfromoptionsicon</h3><table class="result"><tr><th>Exception</th></tr><tr><td><div class="stacktrace">org.openqa.selenium.NoSuchElementException: no such element: Unable to locate element: {&quot;method&quot;:&quot;xpath&quot;,&quot;selector&quot;:&quot;//td[text()=&apos;Automation_Invoice xls&apos;]&quot;}
  (Session info: chrome=102.0.5005.63)
For documentation on this error, please visit: https://www.seleniumhq.org/exceptions/no_such_element.html
Build info: version: &apos;3.141.59&apos;, revision: &apos;e82be7d358&apos;, time: &apos;2018-11-14T08:17:03&apos;
System info: host: &apos;LAPTOP-Q8QV3VQ8&apos;, ip: &apos;192.168.29.193&apos;, os.name: &apos;Windows 10&apos;, os.arch: &apos;amd64&apos;, os.version: &apos;10.0&apos;, java.version: &apos;16.0.2&apos;
Driver info: org.openqa.selenium.chrome.ChromeDriver
Capabilities {acceptInsecureCerts: false, browserName: chrome, browserVersion: 102.0.5005.63, chrome: {chromedriverVersion: 102.0.5005.61 (0e59bcc00cc4..., userDataDir: C:\Users\BHAUMIK\AppData\Lo...}, goog:chromeOptions: {debuggerAddress: localhost:60902}, javascriptEnabled: true, networkConnectionEnabled: false, pageLoadStrategy: normal, platform: WINDOWS, platformName: WINDOWS, proxy: Proxy(), setWindowRect: true, strictFileInteractability: false, timeouts: {implicit: 0, pageLoad: 300000, script: 30000}, unhandledPromptBehavior: dismiss and notify, webauthn:extension:credBlob: true, webauthn:extension:largeBlob: true, webauthn:virtualAuthenticators: true}
Session ID: 8db26f70bcfd4c1623b51038e82d412d
*** Element info: {Using=xpath, value=//td[text()=&apos;Automation_Invoice xls&apos;]}
	at org.openqa.selenium.remote.http.W3CHttpResponseCodec.createException(W3CHttpResponseCodec.java:187)
	at org.openqa.selenium.remote.http.W3CHttpResponseCodec.decode(W3CHttpResponseCodec.java:122)
	at org.openqa.selenium.remote.http.W3CHttpResponseCodec.decode(W3CHttpResponseCodec.java:49)
	at org.openqa.selenium.remote.HttpCommandExecutor.execute(HttpCommandExecutor.java:158)
	at org.openqa.selenium.remote.service.DriverCommandExecutor.execute(DriverCommandExecutor.java:83)
	at org.openqa.selenium.remote.RemoteWebDriver.execute(RemoteWebDriver.java:552)
	at org.openqa.selenium.remote.RemoteWebDriver.findElement(RemoteWebDriver.java:323)
	at org.openqa.selenium.remote.RemoteWebDriver.findElementByXPath(RemoteWebDriver.java:428)
	at org.openqa.selenium.By$ByXPath.findElement(By.java:353)
	at org.openqa.selenium.remote.RemoteWebDriver.findElement(RemoteWebDriver.java:315)
	at pageObjects.requestsection.completedreportname(requestsection.java:68)
	at reportScheduling.schedulingfromoptions.schedulingfromoptionsicon(schedulingfromoptions.java:364)
	at java.base/java.util.ArrayList.forEach(ArrayList.java:1511)
... Removed 32 stack frames</div></td></tr></table><p class="totop"><a href="#summary">back to summary</a></p>
<h3 id="m4">EndtoEndFramework.Framework.annotation#closeBrowser</h3><table class="result"><tr><th class="invisible"/></tr></table><p class="totop"><a href="#summary">back to summary</a></p>
<h3 id="m5">EndtoEndFramework.Framework.controlpanel#closeBrowser</h3><table class="result"><tr><th class="invisible"/></tr></table><p class="totop"><a href="#summary">back to summary</a></p>
<h3 id="m6">EndtoEndFramework.Framework.dashboard#closeBrowser</h3><table class="result"><tr><th class="invisible"/></tr></table><p class="totop"><a href="#summary">back to summary</a></p>
<h3 id="m7">EndtoEndFramework.Framework.logout#closeBrowser</h3><table class="result"><tr><th class="invisible"/></tr></table><p class="totop"><a href="#summary">back to summary</a></p>
<h3 id="m8">EndtoEndFramework.Framework.theme#closeBrowser</h3><table class="result"><tr><th class="invisible"/></tr></table><p class="totop"><a href="#summary">back to summary</a></p>
<h3 id="m9">reportScheduling.dashboardReportWidgetTest#deletedashboard</h3><table class="result"><tr><th class="invisible"/></tr></table><p class="totop"><a href="#summary">back to summary</a></p>
<h3 id="m10">reportScheduling.reportUnitTestCases#closeBrowserWindow</h3><table class="result"><tr><th class="invisible"/></tr></table><p class="totop"><a href="#summary">back to summary</a></p>
<h3 id="m11">reportScheduling.reportUnitTestCases#createFolderWindow</h3><table class="result"><tr><th>Exception</th></tr><tr><td><div class="stacktrace">java.lang.Throwable: Method reportUnitTestCases.createFolderWindow()[pri:0, instance:reportScheduling.reportUnitTestCases@376a312c] depends on not successfully finished methods
	at java.base/java.util.ArrayList.forEach(ArrayList.java:1511)
... Removed 18 stack frames</div></td></tr></table><p class="totop"><a href="#summary">back to summary</a></p>
<h3 id="m12">EndtoEndFramework.Framework.HomePage#basePageNavigation</h3><table class="result"><tr class="param"><th>Parameter #1</th><th>Parameter #2</th></tr><tr class="param stripe"><td>Bhaumik</td><td>Password2</td></tr></table><p class="totop"><a href="#summary">back to summary</a></p>
<h3 id="m13">EndtoEndFramework.Framework.HomePage#dashboardpage</h3><table class="result"><tr><th class="invisible"/></tr></table><p class="totop"><a href="#summary">back to summary</a></p>
<h3 id="m14">EndtoEndFramework.Framework.controlpanel#controlPanelSection</h3><table class="result"><tr><th class="invisible"/></tr></table><p class="totop"><a href="#summary">back to summary</a></p>
<h3 id="m15">EndtoEndFramework.Framework.dashboard#dashboardpage</h3><table class="result"><tr><th class="invisible"/></tr></table><p class="totop"><a href="#summary">back to summary</a></p>
<h3 id="m16">EndtoEndFramework.Framework.logout#controlPanelSection</h3><table class="result"><tr><th class="invisible"/></tr></table><p class="totop"><a href="#summary">back to summary</a></p>
<h3 id="m17">EndtoEndFramework.Framework.theme#themeSection</h3><table class="result"><tr><th class="invisible"/></tr></table><p class="totop"><a href="#summary">back to summary</a></p>
<h3 id="m18">reportScheduling.HyperLinkDrillTest#hyperlinkdrill</h3><table class="result"><tr><th class="invisible"/></tr></table><p class="totop"><a href="#summary">back to summary</a></p>
<h3 id="m19">reportScheduling.InteractiveChart#interactivechartdrilltest</h3><table class="result"><tr><th class="invisible"/></tr></table><p class="totop"><a href="#summary">back to summary</a></p>
<h3 id="m20">reportScheduling.allReportAllFormatScheduling#shceduleAllFormat</h3><table class="result"><tr><th class="invisible"/></tr></table><p class="totop"><a href="#summary">back to summary</a></p>
<h3 id="m21">reportScheduling.allReportScheduling#loginApplication</h3><table class="result"><tr><th class="invisible"/></tr></table><p class="totop"><a href="#summary">back to summary</a></p>
<h3 id="m22">reportScheduling.dashboardReportWidgetTest#reportwidgettest</h3><table class="result"><tr><th class="invisible"/></tr></table><p class="totop"><a href="#summary">back to summary</a></p>
<h3 id="m23">reportScheduling.reportSchedulingEvent#eventscheduling</h3><table class="result"><tr><th class="invisible"/></tr></table><p class="totop"><a href="#summary">back to summary</a></p>
<h3 id="m24">reportScheduling.reportSchedulingOnce#scheduleonce</h3><table class="result"><tr><th class="invisible"/></tr></table><p class="totop"><a href="#summary">back to summary</a></p>
</body>
</html>
